<?xml version="1.0" encoding="UTF-8"?>
<!-- Generated by org.testng.reporters.JUnitReportReporter -->
<testsuite hostname="DESKTOP-FI8UJG3" failures="0" tests="4" name="pomDDFWithTestNGBaseUtilityScreenshot.KiteLoginTest" time="-1649127936.000" errors="1" timestamp="2022-04-05T08:37:02 IST" skipped="3">
  <testcase classname="pomDDFWithTestNGBaseUtilityScreenshot.KiteLoginTest" name="verifyProfileMenuButton" time="0.000">
    <skipped/>
  </testcase> <!-- verifyProfileMenuButton -->
  <system-out/>
  <testcase classname="pomDDFWithTestNGBaseUtilityScreenshot.KiteLoginTest" name="verifyProfileName" time="0.000">
    <skipped/>
  </testcase> <!-- verifyProfileName -->
  <system-out/>
  <testcase classname="pomDDFWithTestNGBaseUtilityScreenshot.KiteLoginTest" name="setupApplication" time="-1649127936.000">
    <error message="
Parameter &#039;browser&#039; is required by BeforeClass on method setupApplication but has not been marked @Optional or defined
in C:\Users\Dell\AppData\Local\Temp\testng-eclipse--418350423\testng-customsuite.xml" type="org.testng.TestNGException">
      <![CDATA[org.testng.TestNGException: 
Parameter 'browser' is required by BeforeClass on method setupApplication but has not been marked @Optional or defined
in C:\Users\Dell\AppData\Local\Temp\testng-eclipse--418350423\testng-customsuite.xml
at org.testng.internal.Parameters.createParams(Parameters.java:270)
at org.testng.internal.Parameters.createParametersForMethod(Parameters.java:358)
at org.testng.internal.Parameters.createParameters(Parameters.java:700)
at org.testng.internal.Parameters.createConfigurationParameters(Parameters.java:168)
at org.testng.internal.ConfigInvoker.invokeConfigurations(ConfigInvoker.java:302)
at org.testng.internal.TestMethodWorker.invokeBeforeClassMethods(TestMethodWorker.java:176)
at org.testng.internal.TestMethodWorker.run(TestMethodWorker.java:122)
at java.base/java.util.ArrayList.forEach(ArrayList.java:1511)
at org.testng.TestRunner.privateRun(TestRunner.java:794)
at org.testng.TestRunner.run(TestRunner.java:596)
at org.testng.SuiteRunner.runTest(SuiteRunner.java:377)
at org.testng.SuiteRunner.runSequentially(SuiteRunner.java:371)
at org.testng.SuiteRunner.privateRun(SuiteRunner.java:332)
at org.testng.SuiteRunner.run(SuiteRunner.java:276)
at org.testng.SuiteRunnerWorker.runSuite(SuiteRunnerWorker.java:53)
at org.testng.SuiteRunnerWorker.run(SuiteRunnerWorker.java:96)
at org.testng.TestNG.runSuitesSequentially(TestNG.java:1212)
at org.testng.TestNG.runSuitesLocally(TestNG.java:1134)
at org.testng.TestNG.runSuites(TestNG.java:1063)
at org.testng.TestNG.run(TestNG.java:1031)
at org.testng.remote.AbstractRemoteTestNG.run(AbstractRemoteTestNG.java:115)
at org.testng.remote.RemoteTestNG.initAndRun(RemoteTestNG.java:251)
at org.testng.remote.RemoteTestNG.main(RemoteTestNG.java:77)
]]>
    </error>
  </testcase> <!-- setupApplication -->
  <system-out/>
  <testcase classname="pomDDFWithTestNGBaseUtilityScreenshot.KiteLoginTest" name="verifyLogoutButton" time="0.000">
    <skipped/>
  </testcase> <!-- verifyLogoutButton -->
  <system-out/>
</testsuite> <!-- pomDDFWithTestNGBaseUtilityScreenshot.KiteLoginTest -->
